[2024-02-21 19:05:21,566] TRACE [org.hibernate.type.descriptor.sql.BasicExtractor: 50] extracted value ([role6_0_] : [VARCHAR]) - [null]
[2024-02-21 19:05:21,566] TRACE [org.hibernate.resource.jdbc.internal.ResourceRegistryStandardImpl: 118] Releasing result set [org.postgresql.jdbc.PgResultSet@2eed37f4]
[2024-02-21 19:05:21,566] TRACE [org.hibernate.resource.jdbc.internal.ResourceRegistryStandardImpl: 164] Closing result set [org.postgresql.jdbc.PgResultSet@2eed37f4]
[2024-02-21 19:05:21,566] TRACE [org.hibernate.resource.jdbc.internal.ResourceRegistryStandardImpl: 97] Releasing statement [select user_.username, user_.birth_date as birth_da2_0_, user_.firstname as firstnam3_0_, user_.info as info4_0_, user_.lastname as lastname5_0_, user_.role as role6_0_ from public.users user_ where user_.username='ivan3@gmail.com']
[2024-02-21 19:05:21,566] DEBUG [org.hibernate.resource.jdbc.internal.ResourceRegistryStandardImpl: 106] HHH000387: ResultSet's statement was not registered
[2024-02-21 19:05:21,566] TRACE [org.hibernate.resource.jdbc.internal.ResourceRegistryStandardImpl: 180] Closing prepared statement [select user_.username, user_.birth_date as birth_da2_0_, user_.firstname as firstnam3_0_, user_.info as info4_0_, user_.lastname as lastname5_0_, user_.role as role6_0_ from public.users user_ where user_.username='ivan3@gmail.com']
[2024-02-21 19:05:21,566] TRACE [org.hibernate.engine.jdbc.internal.JdbcCoordinatorImpl: 255] Starting after statement execution processing [AFTER_TRANSACTION]
[2024-02-21 19:05:21,566] TRACE [org.hibernate.event.internal.EntityState: 66] Detached instance of: com.dmdev.entity.User
[2024-02-21 19:05:21,566] TRACE [org.hibernate.event.internal.DefaultSaveOrUpdateEventListener: 212] Updating detached instance
[2024-02-21 19:05:21,566] TRACE [org.hibernate.event.internal.DefaultSaveOrUpdateEventListener: 277] Updating [com.dmdev.entity.User#ivan3@gmail.com]
[2024-02-21 19:05:21,576] TRACE [org.hibernate.event.internal.DefaultSaveOrUpdateEventListener: 325] Updating [com.dmdev.entity.User#ivan3@gmail.com]
[2024-02-21 19:05:21,576] TRACE [com.dmdev.HibernateRunner: 36] User is in persistent state: User(username=ivan3@gmail.com, firstname=Ivan, lastname=Ivanov, birthDate=null, info=null, role=null), session: SessionImpl(50173263PersistenceContext[entityKeys=[EntityKey[com.dmdev.entity.User#ivan3@gmail.com]], collectionKeys=[]];ActionQueue[insertions=ExecutableList{size=0} updates=ExecutableList{size=0} deletions=ExecutableList{size=0} orphanRemovals=ExecutableList{size=0} collectionCreations=ExecutableList{size=0} collectionRemovals=ExecutableList{size=0} collectionUpdates=ExecutableList{size=0} collectionQueuedOps=ExecutableList{size=0} unresolvedInsertDependencies=null])
[2024-02-21 19:05:21,576] DEBUG [org.hibernate.engine.transaction.internal.TransactionImpl: 98] committing
[2024-02-21 19:05:21,576] TRACE [org.hibernate.resource.transaction.backend.jdbc.internal.JdbcResourceLocalTransactionCoordinatorImpl: 181] ResourceLocalTransactionCoordinatorImpl#beforeCompletionCallback
[2024-02-21 19:05:21,576] TRACE [org.hibernate.internal.SessionImpl: 2408] SessionImpl#beforeTransactionCompletion()
[2024-02-21 19:05:21,576] TRACE [org.hibernate.internal.SessionImpl: 481] Automatically flushing session
[2024-02-21 19:05:21,576] TRACE [org.hibernate.event.internal.AbstractFlushingEventListener: 75] Flushing session
[2024-02-21 19:05:21,576] DEBUG [org.hibernate.event.internal.AbstractFlushingEventListener: 140] Processing flush-time cascades
[2024-02-21 19:05:21,576] DEBUG [org.hibernate.event.internal.AbstractFlushingEventListener: 193] Dirty checking collections
[2024-02-21 19:05:21,576] TRACE [org.hibernate.event.internal.AbstractFlushingEventListener: 206] Flushing entities and processing referenced collections
[2024-02-21 19:05:21,576] TRACE [org.hibernate.event.internal.AbstractFlushingEventListener: 244] Processing unreferenced collections
[2024-02-21 19:05:21,576] TRACE [org.hibernate.event.internal.AbstractFlushingEventListener: 257] Scheduling collection removes/(re)creates/updates
[2024-02-21 19:05:21,586] DEBUG [org.hibernate.event.internal.AbstractFlushingEventListener: 114] Flushed: 0 insertions, 0 updates, 0 deletions to 1 objects
[2024-02-21 19:05:21,586] DEBUG [org.hibernate.event.internal.AbstractFlushingEventListener: 121] Flushed: 0 (re)creations, 0 updates, 0 removals to 0 collections
[2024-02-21 19:05:21,586] DEBUG [org.hibernate.internal.util.EntityPrinter: 110] Listing entities:
[2024-02-21 19:05:21,586] DEBUG [org.hibernate.internal.util.EntityPrinter: 117] com.dmdev.entity.User{firstname=Ivan, role=null, birthDate=null, username=ivan3@gmail.com, info=null, lastname=Ivanov}
[2024-02-21 19:05:21,586] TRACE [org.hibernate.event.internal.AbstractFlushingEventListener: 329] Executing flush
[2024-02-21 19:05:21,586] TRACE [org.hibernate.engine.jdbc.internal.JdbcCoordinatorImpl: 255] Starting after statement execution processing [AFTER_TRANSACTION]
[2024-02-21 19:05:21,586] TRACE [org.hibernate.event.internal.AbstractFlushingEventListener: 364] Post flush
[2024-02-21 19:05:21,586] TRACE [org.hibernate.resource.jdbc.internal.AbstractLogicalConnectionImplementor: 53] LogicalConnection#beforeTransactionCompletion
[2024-02-21 19:05:21,586] TRACE [org.hibernate.resource.transaction.internal.SynchronizationRegistryStandardImpl: 55] SynchronizationRegistryStandardImpl.notifySynchronizationsBeforeTransactionCompletion
[2024-02-21 19:05:21,586] TRACE [org.hibernate.resource.jdbc.internal.AbstractLogicalConnectionImplementor: 85] Preparing to commit transaction via JDBC Connection.commit()
[2024-02-21 19:05:21,586] TRACE [org.hibernate.resource.jdbc.internal.AbstractLogicalConnectionImplementor: 88] Transaction committed via JDBC Connection.commit()
[2024-02-21 19:05:21,586] TRACE [org.hibernate.resource.jdbc.internal.AbstractLogicalConnectionImplementor: 58] LogicalConnection#afterTransaction
[2024-02-21 19:05:21,586] TRACE [org.hibernate.resource.jdbc.internal.ResourceRegistryStandardImpl: 323] Releasing JDBC resources
[2024-02-21 19:05:21,586] DEBUG [org.hibernate.resource.jdbc.internal.LogicalConnectionManagedImpl: 174] Initiating JDBC connection release from afterTransaction
[2024-02-21 19:05:21,586] TRACE [org.hibernate.resource.jdbc.internal.ResourceRegistryStandardImpl: 323] Releasing JDBC resources
[2024-02-21 19:05:21,586] TRACE [org.hibernate.resource.transaction.backend.jdbc.internal.JdbcResourceLocalTransactionCoordinatorImpl: 199] ResourceLocalTransactionCoordinatorImpl#afterCompletionCallback(true)
[2024-02-21 19:05:21,586] TRACE [org.hibernate.resource.transaction.internal.SynchronizationRegistryStandardImpl: 159] SynchronizationRegistryStandardImpl.notifySynchronizationsAfterTransactionCompletion(3)
[2024-02-21 19:05:21,586] TRACE [org.hibernate.resource.jdbc.internal.AbstractLogicalConnectionImplementor: 58] LogicalConnection#afterTransaction
[2024-02-21 19:05:21,586] TRACE [org.hibernate.resource.jdbc.internal.ResourceRegistryStandardImpl: 323] Releasing JDBC resources
[2024-02-21 19:05:21,586] DEBUG [org.hibernate.resource.jdbc.internal.LogicalConnectionManagedImpl: 174] Initiating JDBC connection release from afterTransaction
[2024-02-21 19:05:21,586] TRACE [org.hibernate.internal.SessionImpl: 2423] SessionImpl#afterTransactionCompletion(successful=true, delayed=false)
[2024-02-21 19:05:21,586] TRACE [org.hibernate.internal.SessionImpl: 396] Closing session [d7bc0b8c-ab97-4ec2-9f3a-880fdf341fbd]
[2024-02-21 19:05:21,586] TRACE [org.hibernate.engine.jdbc.internal.JdbcCoordinatorImpl: 166] Closing JDBC container [org.hibernate.engine.jdbc.internal.JdbcCoordinatorImpl@58c1da09]
[2024-02-21 19:05:21,586] TRACE [org.hibernate.resource.jdbc.internal.ResourceRegistryStandardImpl: 323] Releasing JDBC resources
[2024-02-21 19:05:21,586] TRACE [org.hibernate.resource.jdbc.internal.LogicalConnectionManagedImpl: 259] Closing logical connection
[2024-02-21 19:05:21,586] TRACE [org.hibernate.resource.jdbc.internal.LogicalConnectionManagedImpl: 266] Logical connection closed
[2024-02-21 19:05:21,586] DEBUG [org.hibernate.internal.SessionFactoryImpl: 808] HHH000031: Closing
[2024-02-21 19:05:21,586] TRACE [org.hibernate.engine.query.spi.QueryPlanCache: 270] Cleaning QueryPlan Cache
[2024-02-21 19:05:21,586] TRACE [org.hibernate.type.spi.TypeConfiguration$Scope: 208] Handling #sessionFactoryClosed from [org.hibernate.internal.SessionFactoryImpl@7c84195] for TypeConfiguration
[2024-02-21 19:05:21,586] DEBUG [org.hibernate.type.spi.TypeConfiguration$Scope: 345] Un-scoping TypeConfiguration [org.hibernate.type.spi.TypeConfiguration$Scope@2b2954e1] from SessionFactory [org.hibernate.internal.SessionFactoryImpl@7c84195]
[2024-02-21 19:05:21,586] DEBUG [org.hibernate.service.internal.AbstractServiceRegistryImpl: 419] Implicitly destroying ServiceRegistry on de-registration of all child ServiceRegistries
[2024-02-21 19:05:21,586] INFO [org.hibernate.orm.connections.pooling: 502] HHH10001008: Cleaning up connection pool [jdbc:postgresql://localhost:5432/postgres]
[2024-02-21 19:05:21,586] DEBUG [org.hibernate.boot.registry.internal.BootstrapServiceRegistryImpl: 295] Implicitly destroying Boot-strap registry on de-registration of all child ServiceRegistries
[2024-02-21 19:05:21,586] WARN [com.dmdev.HibernateRunner: 44] User is in detached state User(username=ivan3@gmail.com, firstname=Ivan, lastname=Ivanov, birthDate=null, info=null, role=null)
